\BOOKMARK [0][-]{section*.1}{\376\377\144\130\000\040\211\201}{}% 1
\BOOKMARK [0][-]{section*.3}{\376\377\000A\000B\000S\000T\000R\000A\000C\000T}{}% 2
\BOOKMARK [0][-]{paragraph*.4}{\376\377\166\356\000\040\137\125}{}% 3
\BOOKMARK [0][-]{section*.5}{\376\377\126\376\000\040\166\356\000\040\137\125}{}% 4
\BOOKMARK [0][-]{section*.6}{\376\377\210\150\000\040\166\356\000\040\137\125}{}% 5
\BOOKMARK [0][-]{chapter.1}{\376\377\176\352\213\272}{}% 6
\BOOKMARK [1][-]{section.1.1}{\376\377\170\024\172\166\200\314\146\157}{chapter.1}% 7
\BOOKMARK [1][-]{section.1.2}{\376\377\126\375\121\205\131\026\170\024\172\166\163\260\162\266}{chapter.1}% 8
\BOOKMARK [1][-]{section.1.3}{\376\377\147\054\145\207\176\304\176\307\176\323\147\204}{chapter.1}% 9
\BOOKMARK [0][-]{chapter.2}{\376\377\166\370\121\163\200\314\146\157\167\345\213\306\116\313\176\315}{}% 10
\BOOKMARK [1][-]{section.2.1}{\376\377\162\171\137\201\220\011\142\351\225\356\230\230}{chapter.2}% 11
\BOOKMARK [2][-]{subsection.2.1.1}{\376\377\162\171\137\201\220\011\142\351\225\356\230\230\143\317\217\360}{section.2.1}% 12
\BOOKMARK [1][-]{section.2.2}{\376\377\123\237\131\313\000R\000I\000M\000E\173\227\154\325}{chapter.2}% 13
\BOOKMARK [2][-]{subsection.2.2.1}{\376\377\000R\000I\000M\000E\151\202\217\360}{section.2.2}% 14
\BOOKMARK [2][-]{subsection.2.2.2}{\376\377\171\315\177\244\122\035\131\313\123\026}{section.2.2}% 15
\BOOKMARK [2][-]{subsection.2.2.3}{\376\377\217\157\226\376\121\307\144\034\175\042}{section.2.2}% 16
\BOOKMARK [2][-]{subsection.2.2.4}{\376\377\170\154\226\376\121\307\172\177\122\072}{section.2.2}% 17
\BOOKMARK [2][-]{subsection.2.2.5}{\376\377\153\143\215\052\132\152\220\011\142\351\147\072\122\066}{section.2.2}% 18
\BOOKMARK [1][-]{section.2.3}{\376\377\123\237\131\313\124\310\221\314\145\257\236\160\117\030\123\026\173\227\154\325}{chapter.2}% 19
\BOOKMARK [2][-]{subsection.2.3.1}{\376\377\122\330\143\242\226\066\153\265}{section.2.3}% 20
\BOOKMARK [2][-]{subsection.2.3.2}{\376\377\116\316\122\330\143\242\122\060\137\000\123\321\166\204\217\307\156\041}{section.2.3}% 21
\BOOKMARK [2][-]{subsection.2.3.3}{\376\377\137\000\123\321\226\066\153\265}{section.2.3}% 22
\BOOKMARK [2][-]{subsection.2.3.4}{\376\377\000H\000H\000O\000\040\173\227\154\325\117\052\116\343\170\001}{section.2.3}% 23
\BOOKMARK [0][-]{chapter.3}{\376\377\131\032\173\126\165\145\207\215\124\010\145\071\217\333\166\204\226\376\121\307\173\227\154\325}{}% 24
\BOOKMARK [1][-]{section.3.1}{\376\377\117\341\140\157\161\265\213\304\117\060\173\126\165\145}{chapter.3}% 25
\BOOKMARK [2][-]{subsection.3.1.1}{\376\377\117\341\140\157\161\265\166\204\145\160\133\146\133\232\116\111}{section.3.1}% 26
\BOOKMARK [2][-]{subsection.3.1.2}{\376\377\213\304\117\060\155\101\172\013}{section.3.1}% 27
\BOOKMARK [1][-]{section.3.2}{\376\377\226\217\147\072\221\315\124\057\147\072\122\066}{chapter.3}% 28
\BOOKMARK [1][-]{section.3.3}{\376\377\142\311\150\074\147\027\145\345\143\322\120\074\154\325}{chapter.3}% 29
\BOOKMARK [1][-]{section.3.4}{\376\377\145\366\225\364\131\015\147\102\136\246\122\006\147\220}{chapter.3}% 30
\BOOKMARK [1][-]{section.3.5}{\376\377\127\372\121\306\121\375\145\160\133\236\232\214}{chapter.3}% 31
\BOOKMARK [2][-]{subsection.3.5.1}{\376\377\133\236\232\214\213\276\177\156}{section.3.5}% 32
\BOOKMARK [2][-]{subsection.3.5.2}{\376\377\145\066\145\133\146\362\176\277\122\006\147\220}{section.3.5}% 33
\BOOKMARK [2][-]{subsection.3.5.3}{\376\377\173\261\176\277\126\376\122\006\147\220}{section.3.5}% 34
\BOOKMARK [2][-]{subsection.3.5.4}{\376\377\137\027\221\314\137\267\146\374\176\337\213\241\150\300\232\214}{section.3.5}% 35
\BOOKMARK [2][-]{subsection.3.5.5}{\376\377\155\210\207\215\133\236\232\214}{section.3.5}% 36
\BOOKMARK [1][-]{section.3.6}{\376\377\162\171\137\201\220\011\142\351\133\236\232\214}{chapter.3}% 37
\BOOKMARK [2][-]{subsection.3.6.1}{\376\377\211\343\166\204\210\150\171\072}{section.3.6}% 38
\BOOKMARK [2][-]{subsection.3.6.2}{\376\377\220\002\136\224\136\246\121\375\145\160}{section.3.6}% 39
\BOOKMARK [2][-]{subsection.3.6.3}{\376\377\133\236\232\214\176\323\147\234\122\006\147\220}{section.3.6}% 40
\BOOKMARK [0][-]{chapter.4}{\376\377\127\372\116\216\176\317\232\214\116\244\155\101\173\126\165\145\166\204\145\071\217\333\124\310\221\314\145\257\236\160\117\030\123\026\173\227\154\325}{}% 41
\BOOKMARK [1][-]{section.4.1}{\376\377\176\317\232\214\116\222\166\312\173\126\165\145}{chapter.4}% 42
\BOOKMARK [2][-]{subsection.4.1.1}{\376\377\173\126\165\145\213\276\213\241\200\314\146\157\116\016\122\250\147\072}{section.4.1}% 43
\BOOKMARK [2][-]{subsection.4.1.2}{\376\377\000E\000E\000S\000\040\145\160\133\146\152\041\127\213\116\016\226\066\153\265\122\022\122\006}{section.4.1}% 44
\BOOKMARK [1][-]{section.4.2}{\376\377\200\375\221\317\201\352\220\002\136\224\147\357\211\177\000-\232\330\145\257\142\160\122\250\173\126\165\145}{chapter.4}% 45
\BOOKMARK [1][-]{section.4.3}{\376\377\174\276\202\361\145\271\135\356\137\025\133\374\137\000\123\321\173\126\165\145}{chapter.4}% 46
\BOOKMARK [2][-]{subsection.4.3.1}{\376\377\000Q\000-\000l\000e\000a\000r\000n\000i\000n\000g\000\040\150\070\137\303\151\202\137\365}{section.4.3}% 47
\BOOKMARK [2][-]{subsection.4.3.2}{\376\377\127\050\000\040\000H\000H\000O\000\040\116\055\166\204\136\224\165\050}{section.4.3}% 48
\BOOKMARK [1][-]{section.4.4}{\376\377\145\366\225\364\131\015\147\102\136\246\122\006\147\220}{chapter.4}% 49
\BOOKMARK [1][-]{section.4.5}{\376\377\127\372\121\306\121\375\145\160\133\236\232\214}{chapter.4}% 50
\BOOKMARK [1][-]{section.4.6}{\376\377\162\171\137\201\220\011\142\351\133\236\232\214}{chapter.4}% 51
\BOOKMARK [0][-]{chapter.5}{\376\377\140\073\176\323\116\016\134\125\147\033}{}% 52
\BOOKMARK [0][-]{chapter*.32}{\376\377\123\302\200\003\145\207\163\056}{}% 53
